<?xml version="1.0" encoding="UTF-8"?>
<testsuites>
  <testsuite name="Integration" tests="23" assertions="61" failures="0" errors="0" time="0.388880">
    <testsuite name="Integration\LocalCopyTest" file="/Users/amystephen/Sites/Filesystem/Tests/Integration/LocalCopyTest.php" namespace="Integration" fullPackage="Integration" tests="5" assertions="9" failures="0" errors="0" time="0.137126">
      <testcase name="testCopySuccessfulSingleFileBlankDirectory" class="Integration\LocalCopyTest" file="/Users/amystephen/Sites/Filesystem/Tests/Integration/LocalCopyTest.php" line="31" assertions="2" time="0.023323"/>
      <testcase name="testCopySuccessfulSingleFile" class="Integration\LocalCopyTest" file="/Users/amystephen/Sites/Filesystem/Tests/Integration/LocalCopyTest.php" line="54" assertions="2" time="0.037406"/>
      <testcase name="testCopySingleFolder" class="Integration\LocalCopyTest" file="/Users/amystephen/Sites/Filesystem/Tests/Integration/LocalCopyTest.php" line="77" assertions="2" time="0.012681"/>
      <testcase name="testCopyMultipleFolder" class="Integration\LocalCopyTest" file="/Users/amystephen/Sites/Filesystem/Tests/Integration/LocalCopyTest.php" line="100" assertions="2" time="0.053723"/>
      <testcase name="testCopyNotAFile" class="Integration\LocalCopyTest" file="/Users/amystephen/Sites/Filesystem/Tests/Integration/LocalCopyTest.php" line="124" assertions="1" time="0.009993"/>
    </testsuite>
    <testsuite name="Integration\LocalDeleteTest" file="/Users/amystephen/Sites/Filesystem/Tests/Integration/LocalDeleteTest.php" namespace="Integration" fullPackage="Integration" tests="5" assertions="9" failures="0" errors="0" time="0.050237">
      <testcase name="testSuccessfulDeleteSingleFile" class="Integration\LocalDeleteTest" file="/Users/amystephen/Sites/Filesystem/Tests/Integration/LocalDeleteTest.php" line="32" assertions="2" time="0.010567"/>
      <testcase name="testDeleteSingleFolder" class="Integration\LocalDeleteTest" file="/Users/amystephen/Sites/Filesystem/Tests/Integration/LocalDeleteTest.php" line="51" assertions="2" time="0.010019"/>
      <testcase name="testDeleteMultipleFolderOnlyFiles" class="Integration\LocalDeleteTest" file="/Users/amystephen/Sites/Filesystem/Tests/Integration/LocalDeleteTest.php" line="70" assertions="2" time="0.009553"/>
      <testcase name="testDeleteMultipleFolderDeleteAll" class="Integration\LocalDeleteTest" file="/Users/amystephen/Sites/Filesystem/Tests/Integration/LocalDeleteTest.php" line="90" assertions="2" time="0.009739"/>
      <testcase name="testNotAFile" class="Integration\LocalDeleteTest" file="/Users/amystephen/Sites/Filesystem/Tests/Integration/LocalDeleteTest.php" line="111" assertions="1" time="0.010359"/>
    </testsuite>
    <testsuite name="Integration\LocalMoveTest" file="/Users/amystephen/Sites/Filesystem/Tests/Integration/LocalMoveTest.php" namespace="Integration" fullPackage="Integration" tests="5" assertions="9" failures="0" errors="0" time="0.105572">
      <testcase name="testSuccessfulMoveSingleFileBlankDirectory" class="Integration\LocalMoveTest" file="/Users/amystephen/Sites/Filesystem/Tests/Integration/LocalMoveTest.php" line="30" assertions="2" time="0.012412"/>
      <testcase name="testSuccessfulMoveSingleFile" class="Integration\LocalMoveTest" file="/Users/amystephen/Sites/Filesystem/Tests/Integration/LocalMoveTest.php" line="54" assertions="2" time="0.022193"/>
      <testcase name="testMoveSingleFolder" class="Integration\LocalMoveTest" file="/Users/amystephen/Sites/Filesystem/Tests/Integration/LocalMoveTest.php" line="77" assertions="2" time="0.013974"/>
      <testcase name="testMoveMultipleFolder" class="Integration\LocalMoveTest" file="/Users/amystephen/Sites/Filesystem/Tests/Integration/LocalMoveTest.php" line="100" assertions="2" time="0.044585"/>
      <testcase name="testNotAFile" class="Integration\LocalMoveTest" file="/Users/amystephen/Sites/Filesystem/Tests/Integration/LocalMoveTest.php" line="124" assertions="1" time="0.012408"/>
    </testsuite>
    <testsuite name="Integration\LocalReadTest" file="/Users/amystephen/Sites/Filesystem/Tests/Integration/LocalReadTest.php" namespace="Integration" fullPackage="Integration" tests="3" assertions="25" failures="0" errors="0" time="0.032399">
      <testcase name="testReadSuccessful" class="Integration\LocalReadTest" file="/Users/amystephen/Sites/Filesystem/Tests/Integration/LocalReadTest.php" line="31" assertions="23" time="0.010634"/>
      <testcase name="testReadUnsuccessful" class="Integration\LocalReadTest" file="/Users/amystephen/Sites/Filesystem/Tests/Integration/LocalReadTest.php" line="77" assertions="1" time="0.009224"/>
      <testcase name="testReadNotAFile" class="Integration\LocalReadTest" file="/Users/amystephen/Sites/Filesystem/Tests/Integration/LocalReadTest.php" line="89" assertions="1" time="0.012541"/>
    </testsuite>
    <testsuite name="Integration\LocalWriteTest" file="/Users/amystephen/Sites/Filesystem/Tests/Integration/LocalWriteTest.php" namespace="Integration" fullPackage="Integration" tests="5" assertions="9" failures="0" errors="0" time="0.063546">
      <testcase name="testSuccessfulWrite" class="Integration\LocalWriteTest" file="/Users/amystephen/Sites/Filesystem/Tests/Integration/LocalWriteTest.php" line="30" assertions="2" time="0.012846"/>
      <testcase name="testSuccessfulRewrite" class="Integration\LocalWriteTest" file="/Users/amystephen/Sites/Filesystem/Tests/Integration/LocalWriteTest.php" line="59" assertions="2" time="0.013449"/>
      <testcase name="testUnsuccessfulRewrite" class="Integration\LocalWriteTest" file="/Users/amystephen/Sites/Filesystem/Tests/Integration/LocalWriteTest.php" line="89" assertions="1" time="0.014378"/>
      <testcase name="testWriteSingleFolder" class="Integration\LocalWriteTest" file="/Users/amystephen/Sites/Filesystem/Tests/Integration/LocalWriteTest.php" line="109" assertions="2" time="0.011601"/>
      <testcase name="testWriteMultipleFolders" class="Integration\LocalWriteTest" file="/Users/amystephen/Sites/Filesystem/Tests/Integration/LocalWriteTest.php" line="136" assertions="2" time="0.011272"/>
    </testsuite>
  </testsuite>
</testsuites>
