<?xml version="1.0" encoding="UTF-8"?>
<testsuites>
  <testsuite name="Integration" tests="3" assertions="25" failures="0" errors="0" time="0.045121">
    <testsuite name="Tests\Integration\LocalReadTest" file="/Users/amystephen/Sites/Filesystem/Tests/Integration/LocalReadTest.php" namespace="Tests\Integration" fullPackage="Tests.Integration" tests="3" assertions="25" failures="0" errors="0" time="0.045121">
      <testcase name="testReadSuccessful" class="Tests\Integration\LocalReadTest" file="/Users/amystephen/Sites/Filesystem/Tests/Integration/LocalReadTest.php" line="31" assertions="23" time="0.021596"/>
      <testcase name="testReadUnsuccessful" class="Tests\Integration\LocalReadTest" file="/Users/amystephen/Sites/Filesystem/Tests/Integration/LocalReadTest.php" line="77" assertions="1" time="0.009574"/>
      <testcase name="testReadNotAFile" class="Tests\Integration\LocalReadTest" file="/Users/amystephen/Sites/Filesystem/Tests/Integration/LocalReadTest.php" line="89" assertions="1" time="0.013951"/>
    </testsuite>
  </testsuite>
</testsuites>
