<?xml version="1.0" encoding="UTF-8"?>
<testsuites>
  <testsuite name="Integration" tests="23" assertions="61" failures="0" errors="0" time="0.374175">
    <testsuite name="Tests\Integration\LocalCopyTest" file="/Users/amystephen/Sites/Standard/Vendor/Molajo/Filesystem/Tests/Integration/LocalCopyTest.php" namespace="Tests\Integration" fullPackage="Tests.Integration" tests="5" assertions="9" failures="0" errors="0" time="0.112423">
      <testcase name="testCopySuccessfulSingleFileBlankDirectory" class="Tests\Integration\LocalCopyTest" file="/Users/amystephen/Sites/Standard/Vendor/Molajo/Filesystem/Tests/Integration/LocalCopyTest.php" line="30" assertions="2" time="0.020789"/>
      <testcase name="testCopySuccessfulSingleFile" class="Tests\Integration\LocalCopyTest" file="/Users/amystephen/Sites/Standard/Vendor/Molajo/Filesystem/Tests/Integration/LocalCopyTest.php" line="53" assertions="2" time="0.016475"/>
      <testcase name="testCopySingleFolder" class="Tests\Integration\LocalCopyTest" file="/Users/amystephen/Sites/Standard/Vendor/Molajo/Filesystem/Tests/Integration/LocalCopyTest.php" line="76" assertions="2" time="0.012705"/>
      <testcase name="testCopyMultipleFolder" class="Tests\Integration\LocalCopyTest" file="/Users/amystephen/Sites/Standard/Vendor/Molajo/Filesystem/Tests/Integration/LocalCopyTest.php" line="99" assertions="2" time="0.052963"/>
      <testcase name="testCopyNotAFile" class="Tests\Integration\LocalCopyTest" file="/Users/amystephen/Sites/Standard/Vendor/Molajo/Filesystem/Tests/Integration/LocalCopyTest.php" line="123" assertions="1" time="0.009491"/>
    </testsuite>
    <testsuite name="Tests\Integration\LocalDeleteTest" file="/Users/amystephen/Sites/Standard/Vendor/Molajo/Filesystem/Tests/Integration/LocalDeleteTest.php" namespace="Tests\Integration" fullPackage="Tests.Integration" tests="5" assertions="9" failures="0" errors="0" time="0.048745">
      <testcase name="testSuccessfulDeleteSingleFile" class="Tests\Integration\LocalDeleteTest" file="/Users/amystephen/Sites/Standard/Vendor/Molajo/Filesystem/Tests/Integration/LocalDeleteTest.php" line="32" assertions="2" time="0.010405"/>
      <testcase name="testDeleteSingleFolder" class="Tests\Integration\LocalDeleteTest" file="/Users/amystephen/Sites/Standard/Vendor/Molajo/Filesystem/Tests/Integration/LocalDeleteTest.php" line="51" assertions="2" time="0.009380"/>
      <testcase name="testDeleteMultipleFolderOnlyFiles" class="Tests\Integration\LocalDeleteTest" file="/Users/amystephen/Sites/Standard/Vendor/Molajo/Filesystem/Tests/Integration/LocalDeleteTest.php" line="70" assertions="2" time="0.009596"/>
      <testcase name="testDeleteMultipleFolderDeleteAll" class="Tests\Integration\LocalDeleteTest" file="/Users/amystephen/Sites/Standard/Vendor/Molajo/Filesystem/Tests/Integration/LocalDeleteTest.php" line="90" assertions="2" time="0.009773"/>
      <testcase name="testNotAFile" class="Tests\Integration\LocalDeleteTest" file="/Users/amystephen/Sites/Standard/Vendor/Molajo/Filesystem/Tests/Integration/LocalDeleteTest.php" line="111" assertions="1" time="0.009591"/>
    </testsuite>
    <testsuite name="Tests\Integration\LocalMoveTest" file="/Users/amystephen/Sites/Standard/Vendor/Molajo/Filesystem/Tests/Integration/LocalMoveTest.php" namespace="Tests\Integration" fullPackage="Tests.Integration" tests="5" assertions="9" failures="0" errors="0" time="0.098300">
      <testcase name="testSuccessfulMoveSingleFileBlankDirectory" class="Tests\Integration\LocalMoveTest" file="/Users/amystephen/Sites/Standard/Vendor/Molajo/Filesystem/Tests/Integration/LocalMoveTest.php" line="30" assertions="2" time="0.012478"/>
      <testcase name="testSuccessfulMoveSingleFile" class="Tests\Integration\LocalMoveTest" file="/Users/amystephen/Sites/Standard/Vendor/Molajo/Filesystem/Tests/Integration/LocalMoveTest.php" line="54" assertions="2" time="0.012640"/>
      <testcase name="testMoveSingleFolder" class="Tests\Integration\LocalMoveTest" file="/Users/amystephen/Sites/Standard/Vendor/Molajo/Filesystem/Tests/Integration/LocalMoveTest.php" line="77" assertions="2" time="0.014299"/>
      <testcase name="testMoveMultipleFolder" class="Tests\Integration\LocalMoveTest" file="/Users/amystephen/Sites/Standard/Vendor/Molajo/Filesystem/Tests/Integration/LocalMoveTest.php" line="100" assertions="2" time="0.044560"/>
      <testcase name="testNotAFile" class="Tests\Integration\LocalMoveTest" file="/Users/amystephen/Sites/Standard/Vendor/Molajo/Filesystem/Tests/Integration/LocalMoveTest.php" line="124" assertions="1" time="0.014323"/>
    </testsuite>
    <testsuite name="Tests\Integration\LocalReadTest" file="/Users/amystephen/Sites/Standard/Vendor/Molajo/Filesystem/Tests/Integration/LocalReadTest.php" namespace="Tests\Integration" fullPackage="Tests.Integration" tests="3" assertions="25" failures="0" errors="0" time="0.049224">
      <testcase name="testReadSuccessful" class="Tests\Integration\LocalReadTest" file="/Users/amystephen/Sites/Standard/Vendor/Molajo/Filesystem/Tests/Integration/LocalReadTest.php" line="31" assertions="23" time="0.027055"/>
      <testcase name="testReadUnsuccessful" class="Tests\Integration\LocalReadTest" file="/Users/amystephen/Sites/Standard/Vendor/Molajo/Filesystem/Tests/Integration/LocalReadTest.php" line="77" assertions="1" time="0.010017"/>
      <testcase name="testReadNotAFile" class="Tests\Integration\LocalReadTest" file="/Users/amystephen/Sites/Standard/Vendor/Molajo/Filesystem/Tests/Integration/LocalReadTest.php" line="89" assertions="1" time="0.012152"/>
    </testsuite>
    <testsuite name="Tests\Integration\LocalWriteTest" file="/Users/amystephen/Sites/Standard/Vendor/Molajo/Filesystem/Tests/Integration/LocalWriteTest.php" namespace="Tests\Integration" fullPackage="Tests.Integration" tests="5" assertions="9" failures="0" errors="0" time="0.065483">
      <testcase name="testSuccessfulWrite" class="Tests\Integration\LocalWriteTest" file="/Users/amystephen/Sites/Standard/Vendor/Molajo/Filesystem/Tests/Integration/LocalWriteTest.php" line="30" assertions="2" time="0.019655"/>
      <testcase name="testSuccessfulRewrite" class="Tests\Integration\LocalWriteTest" file="/Users/amystephen/Sites/Standard/Vendor/Molajo/Filesystem/Tests/Integration/LocalWriteTest.php" line="59" assertions="2" time="0.012830"/>
      <testcase name="testUnsuccessfulRewrite" class="Tests\Integration\LocalWriteTest" file="/Users/amystephen/Sites/Standard/Vendor/Molajo/Filesystem/Tests/Integration/LocalWriteTest.php" line="89" assertions="1" time="0.011809"/>
      <testcase name="testWriteSingleFolder" class="Tests\Integration\LocalWriteTest" file="/Users/amystephen/Sites/Standard/Vendor/Molajo/Filesystem/Tests/Integration/LocalWriteTest.php" line="109" assertions="2" time="0.010617"/>
      <testcase name="testWriteMultipleFolders" class="Tests\Integration\LocalWriteTest" file="/Users/amystephen/Sites/Standard/Vendor/Molajo/Filesystem/Tests/Integration/LocalWriteTest.php" line="136" assertions="2" time="0.010572"/>
    </testsuite>
  </testsuite>
</testsuites>
