<?xml version="1.0" encoding="UTF-8"?>
<Testsuites>
  <Testsuite name="Local" Tests="23" assertions="61" failures="0" errors="0" time="0.381570">
    <Testsuite name="Local\LocalCopyTest" file="/Users/amystephen/Sites/Filesystem/Tests/Local/LocalCopyTest.php" namespace="Local" fullPackage="Local" Tests="5" assertions="9" failures="0" errors="0" time="0.137538">
      <testcase name="testCopySuccessfulSingleFileBlankDirectory" class="Local\LocalCopyTest" file="/Users/amystephen/Sites/Filesystem/Tests/Local/LocalCopyTest.php" line="32" assertions="2" time="0.022688"/>
      <testcase name="testCopySuccessfulSingleFile" class="Local\LocalCopyTest" file="/Users/amystephen/Sites/Filesystem/Tests/Local/LocalCopyTest.php" line="55" assertions="2" time="0.031504"/>
      <testcase name="testCopySingleFolder" class="Local\LocalCopyTest" file="/Users/amystephen/Sites/Filesystem/Tests/Local/LocalCopyTest.php" line="78" assertions="2" time="0.012931"/>
      <testcase name="testCopyMultipleFolder" class="Local\LocalCopyTest" file="/Users/amystephen/Sites/Filesystem/Tests/Local/LocalCopyTest.php" line="101" assertions="2" time="0.060167"/>
      <testcase name="testCopyNotAFile" class="Local\LocalCopyTest" file="/Users/amystephen/Sites/Filesystem/Tests/Local/LocalCopyTest.php" line="125" assertions="1" time="0.010248"/>
    </Testsuite>
    <Testsuite name="Local\LocalDeleteTest" file="/Users/amystephen/Sites/Filesystem/Tests/Local/LocalDeleteTest.php" namespace="Local" fullPackage="Local" Tests="5" assertions="9" failures="0" errors="0" time="0.053708">
      <testcase name="testSuccessfulDeleteSingleFile" class="Local\LocalDeleteTest" file="/Users/amystephen/Sites/Filesystem/Tests/Local/LocalDeleteTest.php" line="32" assertions="2" time="0.011981"/>
      <testcase name="testDeleteSingleFolder" class="Local\LocalDeleteTest" file="/Users/amystephen/Sites/Filesystem/Tests/Local/LocalDeleteTest.php" line="51" assertions="2" time="0.010668"/>
      <testcase name="testDeleteMultipleFolderOnlyFiles" class="Local\LocalDeleteTest" file="/Users/amystephen/Sites/Filesystem/Tests/Local/LocalDeleteTest.php" line="70" assertions="2" time="0.010771"/>
      <testcase name="testDeleteMultipleFolderDeleteAll" class="Local\LocalDeleteTest" file="/Users/amystephen/Sites/Filesystem/Tests/Local/LocalDeleteTest.php" line="90" assertions="2" time="0.009951"/>
      <testcase name="testNotAFile" class="Local\LocalDeleteTest" file="/Users/amystephen/Sites/Filesystem/Tests/Local/LocalDeleteTest.php" line="111" assertions="1" time="0.010337"/>
    </Testsuite>
    <Testsuite name="Local\LocalMoveTest" file="/Users/amystephen/Sites/Filesystem/Tests/Local/LocalMoveTest.php" namespace="Local" fullPackage="Local" Tests="5" assertions="9" failures="0" errors="0" time="0.095946">
      <testcase name="testSuccessfulMoveSingleFileBlankDirectory" class="Local\LocalMoveTest" file="/Users/amystephen/Sites/Filesystem/Tests/Local/LocalMoveTest.php" line="30" assertions="2" time="0.013709"/>
      <testcase name="testSuccessfulMoveSingleFile" class="Local\LocalMoveTest" file="/Users/amystephen/Sites/Filesystem/Tests/Local/LocalMoveTest.php" line="54" assertions="2" time="0.013081"/>
      <testcase name="testMoveSingleFolder" class="Local\LocalMoveTest" file="/Users/amystephen/Sites/Filesystem/Tests/Local/LocalMoveTest.php" line="77" assertions="2" time="0.013639"/>
      <testcase name="testMoveMultipleFolder" class="Local\LocalMoveTest" file="/Users/amystephen/Sites/Filesystem/Tests/Local/LocalMoveTest.php" line="100" assertions="2" time="0.044973"/>
      <testcase name="testNotAFile" class="Local\LocalMoveTest" file="/Users/amystephen/Sites/Filesystem/Tests/Local/LocalMoveTest.php" line="124" assertions="1" time="0.010544"/>
    </Testsuite>
    <Testsuite name="Local\LocalReadTest" file="/Users/amystephen/Sites/Filesystem/Tests/Local/LocalReadTest.php" namespace="Local" fullPackage="Local" Tests="3" assertions="25" failures="0" errors="0" time="0.034689">
      <testcase name="testReadSuccessful" class="Local\LocalReadTest" file="/Users/amystephen/Sites/Filesystem/Tests/Local/LocalReadTest.php" line="31" assertions="23" time="0.010709"/>
      <testcase name="testReadUnsuccessful" class="Local\LocalReadTest" file="/Users/amystephen/Sites/Filesystem/Tests/Local/LocalReadTest.php" line="77" assertions="1" time="0.011179"/>
      <testcase name="testReadNotAFile" class="Local\LocalReadTest" file="/Users/amystephen/Sites/Filesystem/Tests/Local/LocalReadTest.php" line="89" assertions="1" time="0.012801"/>
    </Testsuite>
    <Testsuite name="Local\LocalWriteTest" file="/Users/amystephen/Sites/Filesystem/Tests/Local/LocalWriteTest.php" namespace="Local" fullPackage="Local" Tests="5" assertions="9" failures="0" errors="0" time="0.059689">
      <testcase name="testSuccessfulWrite" class="Local\LocalWriteTest" file="/Users/amystephen/Sites/Filesystem/Tests/Local/LocalWriteTest.php" line="30" assertions="2" time="0.012445"/>
      <testcase name="testSuccessfulRewrite" class="Local\LocalWriteTest" file="/Users/amystephen/Sites/Filesystem/Tests/Local/LocalWriteTest.php" line="59" assertions="2" time="0.012362"/>
      <testcase name="testUnsuccessfulRewrite" class="Local\LocalWriteTest" file="/Users/amystephen/Sites/Filesystem/Tests/Local/LocalWriteTest.php" line="89" assertions="1" time="0.012905"/>
      <testcase name="testWriteSingleFolder" class="Local\LocalWriteTest" file="/Users/amystephen/Sites/Filesystem/Tests/Local/LocalWriteTest.php" line="109" assertions="2" time="0.011164"/>
      <testcase name="testWriteMultipleFolders" class="Local\LocalWriteTest" file="/Users/amystephen/Sites/Filesystem/Tests/Local/LocalWriteTest.php" line="136" assertions="2" time="0.010813"/>
    </Testsuite>
  </Testsuite>
</Testsuites>
