<?xml version="1.0" encoding="UTF-8"?>
<testsuites>
  <testsuite name="Integration" tests="23" assertions="61" failures="0" errors="0" time="0.401786">
    <testsuite name="Integration\LocalCopyTest" file="/Users/amystephen/Sites/Filesystem/Tests/Integration/LocalCopyTest.php" namespace="Integration" fullPackage="Integration" tests="5" assertions="9" failures="0" errors="0" time="0.136412">
      <testcase name="testCopySuccessfulSingleFileBlankDirectory" class="Integration\LocalCopyTest" file="/Users/amystephen/Sites/Filesystem/Tests/Integration/LocalCopyTest.php" line="30" assertions="2" time="0.046431"/>
      <testcase name="testCopySuccessfulSingleFile" class="Integration\LocalCopyTest" file="/Users/amystephen/Sites/Filesystem/Tests/Integration/LocalCopyTest.php" line="53" assertions="2" time="0.013418"/>
      <testcase name="testCopySingleFolder" class="Integration\LocalCopyTest" file="/Users/amystephen/Sites/Filesystem/Tests/Integration/LocalCopyTest.php" line="76" assertions="2" time="0.013019"/>
      <testcase name="testCopyMultipleFolder" class="Integration\LocalCopyTest" file="/Users/amystephen/Sites/Filesystem/Tests/Integration/LocalCopyTest.php" line="99" assertions="2" time="0.051863"/>
      <testcase name="testCopyNotAFile" class="Integration\LocalCopyTest" file="/Users/amystephen/Sites/Filesystem/Tests/Integration/LocalCopyTest.php" line="123" assertions="1" time="0.011681"/>
    </testsuite>
    <testsuite name="Integration\LocalDeleteTest" file="/Users/amystephen/Sites/Filesystem/Tests/Integration/LocalDeleteTest.php" namespace="Integration" fullPackage="Integration" tests="5" assertions="9" failures="0" errors="0" time="0.053366">
      <testcase name="testSuccessfulDeleteSingleFile" class="Integration\LocalDeleteTest" file="/Users/amystephen/Sites/Filesystem/Tests/Integration/LocalDeleteTest.php" line="32" assertions="2" time="0.010674"/>
      <testcase name="testDeleteSingleFolder" class="Integration\LocalDeleteTest" file="/Users/amystephen/Sites/Filesystem/Tests/Integration/LocalDeleteTest.php" line="51" assertions="2" time="0.011644"/>
      <testcase name="testDeleteMultipleFolderOnlyFiles" class="Integration\LocalDeleteTest" file="/Users/amystephen/Sites/Filesystem/Tests/Integration/LocalDeleteTest.php" line="70" assertions="2" time="0.010685"/>
      <testcase name="testDeleteMultipleFolderDeleteAll" class="Integration\LocalDeleteTest" file="/Users/amystephen/Sites/Filesystem/Tests/Integration/LocalDeleteTest.php" line="90" assertions="2" time="0.009925"/>
      <testcase name="testNotAFile" class="Integration\LocalDeleteTest" file="/Users/amystephen/Sites/Filesystem/Tests/Integration/LocalDeleteTest.php" line="111" assertions="1" time="0.010438"/>
    </testsuite>
    <testsuite name="Integration\LocalMoveTest" file="/Users/amystephen/Sites/Filesystem/Tests/Integration/LocalMoveTest.php" namespace="Integration" fullPackage="Integration" tests="5" assertions="9" failures="0" errors="0" time="0.107914">
      <testcase name="testSuccessfulMoveSingleFileBlankDirectory" class="Integration\LocalMoveTest" file="/Users/amystephen/Sites/Filesystem/Tests/Integration/LocalMoveTest.php" line="30" assertions="2" time="0.012996"/>
      <testcase name="testSuccessfulMoveSingleFile" class="Integration\LocalMoveTest" file="/Users/amystephen/Sites/Filesystem/Tests/Integration/LocalMoveTest.php" line="54" assertions="2" time="0.020217"/>
      <testcase name="testMoveSingleFolder" class="Integration\LocalMoveTest" file="/Users/amystephen/Sites/Filesystem/Tests/Integration/LocalMoveTest.php" line="77" assertions="2" time="0.014976"/>
      <testcase name="testMoveMultipleFolder" class="Integration\LocalMoveTest" file="/Users/amystephen/Sites/Filesystem/Tests/Integration/LocalMoveTest.php" line="100" assertions="2" time="0.048084"/>
      <testcase name="testNotAFile" class="Integration\LocalMoveTest" file="/Users/amystephen/Sites/Filesystem/Tests/Integration/LocalMoveTest.php" line="124" assertions="1" time="0.011641"/>
    </testsuite>
    <testsuite name="Integration\LocalReadTest" file="/Users/amystephen/Sites/Filesystem/Tests/Integration/LocalReadTest.php" namespace="Integration" fullPackage="Integration" tests="3" assertions="25" failures="0" errors="0" time="0.037055">
      <testcase name="testReadSuccessful" class="Integration\LocalReadTest" file="/Users/amystephen/Sites/Filesystem/Tests/Integration/LocalReadTest.php" line="31" assertions="23" time="0.011098"/>
      <testcase name="testReadUnsuccessful" class="Integration\LocalReadTest" file="/Users/amystephen/Sites/Filesystem/Tests/Integration/LocalReadTest.php" line="77" assertions="1" time="0.012515"/>
      <testcase name="testReadNotAFile" class="Integration\LocalReadTest" file="/Users/amystephen/Sites/Filesystem/Tests/Integration/LocalReadTest.php" line="89" assertions="1" time="0.013442"/>
    </testsuite>
    <testsuite name="Integration\LocalWriteTest" file="/Users/amystephen/Sites/Filesystem/Tests/Integration/LocalWriteTest.php" namespace="Integration" fullPackage="Integration" tests="5" assertions="9" failures="0" errors="0" time="0.067039">
      <testcase name="testSuccessfulWrite" class="Integration\LocalWriteTest" file="/Users/amystephen/Sites/Filesystem/Tests/Integration/LocalWriteTest.php" line="30" assertions="2" time="0.012992"/>
      <testcase name="testSuccessfulRewrite" class="Integration\LocalWriteTest" file="/Users/amystephen/Sites/Filesystem/Tests/Integration/LocalWriteTest.php" line="59" assertions="2" time="0.012906"/>
      <testcase name="testUnsuccessfulRewrite" class="Integration\LocalWriteTest" file="/Users/amystephen/Sites/Filesystem/Tests/Integration/LocalWriteTest.php" line="89" assertions="1" time="0.013308"/>
      <testcase name="testWriteSingleFolder" class="Integration\LocalWriteTest" file="/Users/amystephen/Sites/Filesystem/Tests/Integration/LocalWriteTest.php" line="109" assertions="2" time="0.017352"/>
      <testcase name="testWriteMultipleFolders" class="Integration\LocalWriteTest" file="/Users/amystephen/Sites/Filesystem/Tests/Integration/LocalWriteTest.php" line="136" assertions="2" time="0.010481"/>
    </testsuite>
  </testsuite>
</testsuites>
