<?xml version="1.0" encoding="UTF-8"?>
<testsuites>
  <testsuite name="Integration" tests="23" assertions="61" failures="0" errors="0" time="0.382774">
    <testsuite name="Tests\Integration\LocalCopyTest" file="/Users/amystephen/Sites/Filesystem/Tests/Integration/LocalCopyTest.php" namespace="Tests\Integration" fullPackage="Tests.Integration" tests="5" assertions="9" failures="0" errors="0" time="0.120743">
      <testcase name="testCopySuccessfulSingleFileBlankDirectory" class="Tests\Integration\LocalCopyTest" file="/Users/amystephen/Sites/Filesystem/Tests/Integration/LocalCopyTest.php" line="30" assertions="2" time="0.020299"/>
      <testcase name="testCopySuccessfulSingleFile" class="Tests\Integration\LocalCopyTest" file="/Users/amystephen/Sites/Filesystem/Tests/Integration/LocalCopyTest.php" line="53" assertions="2" time="0.020479"/>
      <testcase name="testCopySingleFolder" class="Tests\Integration\LocalCopyTest" file="/Users/amystephen/Sites/Filesystem/Tests/Integration/LocalCopyTest.php" line="76" assertions="2" time="0.013450"/>
      <testcase name="testCopyMultipleFolder" class="Tests\Integration\LocalCopyTest" file="/Users/amystephen/Sites/Filesystem/Tests/Integration/LocalCopyTest.php" line="99" assertions="2" time="0.055248"/>
      <testcase name="testCopyNotAFile" class="Tests\Integration\LocalCopyTest" file="/Users/amystephen/Sites/Filesystem/Tests/Integration/LocalCopyTest.php" line="123" assertions="1" time="0.011267"/>
    </testsuite>
    <testsuite name="Tests\Integration\LocalDeleteTest" file="/Users/amystephen/Sites/Filesystem/Tests/Integration/LocalDeleteTest.php" namespace="Tests\Integration" fullPackage="Tests.Integration" tests="5" assertions="9" failures="0" errors="0" time="0.054831">
      <testcase name="testSuccessfulDeleteSingleFile" class="Tests\Integration\LocalDeleteTest" file="/Users/amystephen/Sites/Filesystem/Tests/Integration/LocalDeleteTest.php" line="32" assertions="2" time="0.010576"/>
      <testcase name="testDeleteSingleFolder" class="Tests\Integration\LocalDeleteTest" file="/Users/amystephen/Sites/Filesystem/Tests/Integration/LocalDeleteTest.php" line="51" assertions="2" time="0.010426"/>
      <testcase name="testDeleteMultipleFolderOnlyFiles" class="Tests\Integration\LocalDeleteTest" file="/Users/amystephen/Sites/Filesystem/Tests/Integration/LocalDeleteTest.php" line="70" assertions="2" time="0.010220"/>
      <testcase name="testDeleteMultipleFolderDeleteAll" class="Tests\Integration\LocalDeleteTest" file="/Users/amystephen/Sites/Filesystem/Tests/Integration/LocalDeleteTest.php" line="90" assertions="2" time="0.012140"/>
      <testcase name="testNotAFile" class="Tests\Integration\LocalDeleteTest" file="/Users/amystephen/Sites/Filesystem/Tests/Integration/LocalDeleteTest.php" line="111" assertions="1" time="0.011469"/>
    </testsuite>
    <testsuite name="Tests\Integration\LocalMoveTest" file="/Users/amystephen/Sites/Filesystem/Tests/Integration/LocalMoveTest.php" namespace="Tests\Integration" fullPackage="Tests.Integration" tests="5" assertions="9" failures="0" errors="0" time="0.103661">
      <testcase name="testSuccessfulMoveSingleFileBlankDirectory" class="Tests\Integration\LocalMoveTest" file="/Users/amystephen/Sites/Filesystem/Tests/Integration/LocalMoveTest.php" line="30" assertions="2" time="0.014024"/>
      <testcase name="testSuccessfulMoveSingleFile" class="Tests\Integration\LocalMoveTest" file="/Users/amystephen/Sites/Filesystem/Tests/Integration/LocalMoveTest.php" line="54" assertions="2" time="0.014852"/>
      <testcase name="testMoveSingleFolder" class="Tests\Integration\LocalMoveTest" file="/Users/amystephen/Sites/Filesystem/Tests/Integration/LocalMoveTest.php" line="77" assertions="2" time="0.013746"/>
      <testcase name="testMoveMultipleFolder" class="Tests\Integration\LocalMoveTest" file="/Users/amystephen/Sites/Filesystem/Tests/Integration/LocalMoveTest.php" line="100" assertions="2" time="0.048501"/>
      <testcase name="testNotAFile" class="Tests\Integration\LocalMoveTest" file="/Users/amystephen/Sites/Filesystem/Tests/Integration/LocalMoveTest.php" line="124" assertions="1" time="0.012538"/>
    </testsuite>
    <testsuite name="Tests\Integration\LocalReadTest" file="/Users/amystephen/Sites/Filesystem/Tests/Integration/LocalReadTest.php" namespace="Tests\Integration" fullPackage="Tests.Integration" tests="3" assertions="25" failures="0" errors="0" time="0.037548">
      <testcase name="testReadSuccessful" class="Tests\Integration\LocalReadTest" file="/Users/amystephen/Sites/Filesystem/Tests/Integration/LocalReadTest.php" line="31" assertions="23" time="0.012229"/>
      <testcase name="testReadUnsuccessful" class="Tests\Integration\LocalReadTest" file="/Users/amystephen/Sites/Filesystem/Tests/Integration/LocalReadTest.php" line="77" assertions="1" time="0.010571"/>
      <testcase name="testReadNotAFile" class="Tests\Integration\LocalReadTest" file="/Users/amystephen/Sites/Filesystem/Tests/Integration/LocalReadTest.php" line="89" assertions="1" time="0.014748"/>
    </testsuite>
    <testsuite name="Tests\Integration\LocalWriteTest" file="/Users/amystephen/Sites/Filesystem/Tests/Integration/LocalWriteTest.php" namespace="Tests\Integration" fullPackage="Tests.Integration" tests="5" assertions="9" failures="0" errors="0" time="0.065990">
      <testcase name="testSuccessfulWrite" class="Tests\Integration\LocalWriteTest" file="/Users/amystephen/Sites/Filesystem/Tests/Integration/LocalWriteTest.php" line="30" assertions="2" time="0.015039"/>
      <testcase name="testSuccessfulRewrite" class="Tests\Integration\LocalWriteTest" file="/Users/amystephen/Sites/Filesystem/Tests/Integration/LocalWriteTest.php" line="59" assertions="2" time="0.013723"/>
      <testcase name="testUnsuccessfulRewrite" class="Tests\Integration\LocalWriteTest" file="/Users/amystephen/Sites/Filesystem/Tests/Integration/LocalWriteTest.php" line="89" assertions="1" time="0.012902"/>
      <testcase name="testWriteSingleFolder" class="Tests\Integration\LocalWriteTest" file="/Users/amystephen/Sites/Filesystem/Tests/Integration/LocalWriteTest.php" line="109" assertions="2" time="0.013689"/>
      <testcase name="testWriteMultipleFolders" class="Tests\Integration\LocalWriteTest" file="/Users/amystephen/Sites/Filesystem/Tests/Integration/LocalWriteTest.php" line="136" assertions="2" time="0.010637"/>
    </testsuite>
  </testsuite>
</testsuites>
