<?xml version="1.0" encoding="UTF-8"?>
<testsuites>
  <testsuite name="Integration" tests="22" assertions="31" failures="3" errors="5" time="0.353970">
    <testsuite name="Tests\Integration\LocalCopyTest" file="/Users/amystephen/Sites/Filesystem/Tests/Integration/LocalCopyTest.php" namespace="Tests\Integration" fullPackage="Tests.Integration" tests="5" assertions="3" failures="2" errors="2" time="0.124741">
      <testcase name="testSuccessfulCopySingleFileBlankDirectory" class="Tests\Integration\LocalCopyTest" file="/Users/amystephen/Sites/Filesystem/Tests/Integration/LocalCopyTest.php" line="69" assertions="0" time="0.018278">
        <error type="PHPUnit_Framework_Error_Warning">Tests\Integration\LocalCopyTest::testSuccessfulCopySingleFileBlankDirectory
unlink(test2.txt/): Operation not permitted

/Users/amystephen/Sites/Filesystem/src/Molajo/Filesystem/Type/Local.php:1133
/Users/amystephen/Sites/Filesystem/src/Molajo/Filesystem/Targetinterface/Filesystem.php:140
/Users/amystephen/Sites/Filesystem/src/Molajo/Filesystem/Adapter.php:360
/Users/amystephen/Sites/Filesystem/src/Molajo/Filesystem/Adapter.php:121
/Users/amystephen/Sites/Filesystem/src/Molajo/Filesystem/Type/Local.php:1457
/Users/amystephen/Sites/Filesystem/src/Molajo/Filesystem/Type/Local.php:1265
/Users/amystephen/Sites/Filesystem/src/Molajo/Filesystem/Targetinterface/Filesystem.php:178
/Users/amystephen/Sites/Filesystem/src/Molajo/Filesystem/Adapter.php:395
/Users/amystephen/Sites/Filesystem/src/Molajo/Filesystem/Adapter.php:172
/Users/amystephen/Sites/Filesystem/Tests/Integration/LocalCopyTest.php:81
</error>
      </testcase>
      <testcase name="testSuccessfulCopySingleFile" class="Tests\Integration\LocalCopyTest" file="/Users/amystephen/Sites/Filesystem/Tests/Integration/LocalCopyTest.php" line="92" assertions="0" time="0.040617">
        <error type="PHPUnit_Framework_Error_Warning">Tests\Integration\LocalCopyTest::testSuccessfulCopySingleFile
unlink(test2.txt/): Operation not permitted

/Users/amystephen/Sites/Filesystem/src/Molajo/Filesystem/Type/Local.php:1133
/Users/amystephen/Sites/Filesystem/src/Molajo/Filesystem/Targetinterface/Filesystem.php:140
/Users/amystephen/Sites/Filesystem/src/Molajo/Filesystem/Adapter.php:360
/Users/amystephen/Sites/Filesystem/src/Molajo/Filesystem/Adapter.php:121
/Users/amystephen/Sites/Filesystem/src/Molajo/Filesystem/Type/Local.php:1457
/Users/amystephen/Sites/Filesystem/src/Molajo/Filesystem/Type/Local.php:1265
/Users/amystephen/Sites/Filesystem/src/Molajo/Filesystem/Targetinterface/Filesystem.php:178
/Users/amystephen/Sites/Filesystem/src/Molajo/Filesystem/Adapter.php:395
/Users/amystephen/Sites/Filesystem/src/Molajo/Filesystem/Adapter.php:172
/Users/amystephen/Sites/Filesystem/Tests/Integration/LocalCopyTest.php:104
</error>
      </testcase>
      <testcase name="testCreateSingleFolder" class="Tests\Integration\LocalCopyTest" file="/Users/amystephen/Sites/Filesystem/Tests/Integration/LocalCopyTest.php" line="115" assertions="1" time="0.017698">
        <failure type="PHPUnit_Framework_ExpectationFailedException">Tests\Integration\LocalCopyTest::testCreateSingleFolder
Failed asserting that 0 matches expected 28.

/Users/amystephen/Sites/Filesystem/Tests/Integration/LocalCopyTest.php:129
</failure>
      </testcase>
      <testcase name="testCopyMultipleFolder" class="Tests\Integration\LocalCopyTest" file="/Users/amystephen/Sites/Filesystem/Tests/Integration/LocalCopyTest.php" line="151" assertions="1" time="0.038089">
        <failure type="PHPUnit_Framework_ExpectationFailedException">Tests\Integration\LocalCopyTest::testCopyMultipleFolder
Failed asserting that 0 matches expected 666.

/Users/amystephen/Sites/Filesystem/Tests/Integration/LocalCopyTest.php:165
</failure>
      </testcase>
      <testcase name="testNotAFile" class="Tests\Integration\LocalCopyTest" file="/Users/amystephen/Sites/Filesystem/Tests/Integration/LocalCopyTest.php" line="175" assertions="1" time="0.010059"/>
    </testsuite>
    <testsuite name="Tests\Integration\LocalDeleteTest" file="/Users/amystephen/Sites/Filesystem/Tests/Integration/LocalDeleteTest.php" namespace="Tests\Integration" fullPackage="Tests.Integration" tests="5" assertions="9" failures="0" errors="0" time="0.056526">
      <testcase name="testSuccessfulDeleteSingleFile" class="Tests\Integration\LocalDeleteTest" file="/Users/amystephen/Sites/Filesystem/Tests/Integration/LocalDeleteTest.php" line="70" assertions="2" time="0.010179"/>
      <testcase name="testDeleteSingleFolder" class="Tests\Integration\LocalDeleteTest" file="/Users/amystephen/Sites/Filesystem/Tests/Integration/LocalDeleteTest.php" line="89" assertions="2" time="0.014968"/>
      <testcase name="testDeleteMultipleFolderOnlyFiles" class="Tests\Integration\LocalDeleteTest" file="/Users/amystephen/Sites/Filesystem/Tests/Integration/LocalDeleteTest.php" line="108" assertions="2" time="0.010287"/>
      <testcase name="testDeleteMultipleFolderDeleteAll" class="Tests\Integration\LocalDeleteTest" file="/Users/amystephen/Sites/Filesystem/Tests/Integration/LocalDeleteTest.php" line="128" assertions="2" time="0.010598"/>
      <testcase name="testNotAFile" class="Tests\Integration\LocalDeleteTest" file="/Users/amystephen/Sites/Filesystem/Tests/Integration/LocalDeleteTest.php" line="149" assertions="1" time="0.010494"/>
    </testsuite>
    <testsuite name="Tests\Integration\LocalMoveTest" file="/Users/amystephen/Sites/Filesystem/Tests/Integration/LocalMoveTest.php" namespace="Tests\Integration" fullPackage="Tests.Integration" tests="5" assertions="5" failures="0" errors="2" time="0.081460">
      <testcase name="testSuccessfulMoveSingleFileBlankDirectory" class="Tests\Integration\LocalMoveTest" file="/Users/amystephen/Sites/Filesystem/Tests/Integration/LocalMoveTest.php" line="69" assertions="0" time="0.011536">
        <error type="PHPUnit_Framework_Error_Warning">Tests\Integration\LocalMoveTest::testSuccessfulMoveSingleFileBlankDirectory
unlink(test2.txt/): Operation not permitted

/Users/amystephen/Sites/Filesystem/src/Molajo/Filesystem/Type/Local.php:1133
/Users/amystephen/Sites/Filesystem/src/Molajo/Filesystem/Targetinterface/Filesystem.php:140
/Users/amystephen/Sites/Filesystem/src/Molajo/Filesystem/Adapter.php:360
/Users/amystephen/Sites/Filesystem/src/Molajo/Filesystem/Adapter.php:121
/Users/amystephen/Sites/Filesystem/src/Molajo/Filesystem/Type/Local.php:1457
/Users/amystephen/Sites/Filesystem/src/Molajo/Filesystem/Type/Local.php:1292
/Users/amystephen/Sites/Filesystem/src/Molajo/Filesystem/Targetinterface/Filesystem.php:200
/Users/amystephen/Sites/Filesystem/src/Molajo/Filesystem/Adapter.php:413
/Users/amystephen/Sites/Filesystem/src/Molajo/Filesystem/Adapter.php:172
/Users/amystephen/Sites/Filesystem/Tests/Integration/LocalMoveTest.php:82
</error>
      </testcase>
      <testcase name="testSuccessfulMoveSingleFile" class="Tests\Integration\LocalMoveTest" file="/Users/amystephen/Sites/Filesystem/Tests/Integration/LocalMoveTest.php" line="94" assertions="0" time="0.011171">
        <error type="PHPUnit_Framework_Error_Warning">Tests\Integration\LocalMoveTest::testSuccessfulMoveSingleFile
unlink(test2.txt/): Operation not permitted

/Users/amystephen/Sites/Filesystem/src/Molajo/Filesystem/Type/Local.php:1133
/Users/amystephen/Sites/Filesystem/src/Molajo/Filesystem/Targetinterface/Filesystem.php:140
/Users/amystephen/Sites/Filesystem/src/Molajo/Filesystem/Adapter.php:360
/Users/amystephen/Sites/Filesystem/src/Molajo/Filesystem/Adapter.php:121
/Users/amystephen/Sites/Filesystem/src/Molajo/Filesystem/Type/Local.php:1457
/Users/amystephen/Sites/Filesystem/src/Molajo/Filesystem/Type/Local.php:1292
/Users/amystephen/Sites/Filesystem/src/Molajo/Filesystem/Targetinterface/Filesystem.php:200
/Users/amystephen/Sites/Filesystem/src/Molajo/Filesystem/Adapter.php:413
/Users/amystephen/Sites/Filesystem/src/Molajo/Filesystem/Adapter.php:172
/Users/amystephen/Sites/Filesystem/Tests/Integration/LocalMoveTest.php:106
</error>
      </testcase>
      <testcase name="testCreateSingleFolder" class="Tests\Integration\LocalMoveTest" file="/Users/amystephen/Sites/Filesystem/Tests/Integration/LocalMoveTest.php" line="117" assertions="2" time="0.016227"/>
      <testcase name="testMoveMultipleFolder" class="Tests\Integration\LocalMoveTest" file="/Users/amystephen/Sites/Filesystem/Tests/Integration/LocalMoveTest.php" line="140" assertions="2" time="0.031674"/>
      <testcase name="testNotAFile" class="Tests\Integration\LocalMoveTest" file="/Users/amystephen/Sites/Filesystem/Tests/Integration/LocalMoveTest.php" line="164" assertions="1" time="0.010852"/>
    </testsuite>
    <testsuite name="Tests\Integration\LocalReadTest" file="/Users/amystephen/Sites/Filesystem/Tests/Integration/LocalReadTest.php" namespace="Tests\Integration" fullPackage="Tests.Integration" tests="3" assertions="7" failures="1" errors="1" time="0.038164">
      <testcase name="testSuccessfulRead" class="Tests\Integration\LocalReadTest" file="/Users/amystephen/Sites/Filesystem/Tests/Integration/LocalReadTest.php" line="49" assertions="6" time="0.011952">
        <failure type="PHPUnit_Framework_ExpectationFailedException">Tests\Integration\LocalReadTest::testSuccessfulRead
Failed asserting that false matches expected 1.

/Users/amystephen/Sites/Filesystem/Tests/Integration/LocalReadTest.php:58
</failure>
      </testcase>
      <testcase name="testUnsuccessfulRead" class="Tests\Integration\LocalReadTest" file="/Users/amystephen/Sites/Filesystem/Tests/Integration/LocalReadTest.php" line="94" assertions="1" time="0.011432"/>
      <testcase name="testNotAFile" class="Tests\Integration\LocalReadTest" file="/Users/amystephen/Sites/Filesystem/Tests/Integration/LocalReadTest.php" line="106" assertions="0" time="0.014780">
        <error type="Molajo\Filesystem\Exception\FileNotFoundException">Tests\Integration\LocalReadTest::testNotAFile
Molajo\Filesystem\Exception\FileNotFoundException: Filesystem Local Read: Is not a file: /Users/amystephen/Sites/Filesystem/Tests

/Users/amystephen/Sites/Filesystem/src/Molajo/Filesystem/Type/Local.php:1034
/Users/amystephen/Sites/Filesystem/src/Molajo/Filesystem/Targetinterface/Filesystem.php:122
/Users/amystephen/Sites/Filesystem/src/Molajo/Filesystem/Adapter.php:327
/Users/amystephen/Sites/Filesystem/src/Molajo/Filesystem/Adapter.php:97
/Users/amystephen/Sites/Filesystem/Tests/Integration/LocalReadTest.php:109
</error>
      </testcase>
    </testsuite>
    <testsuite name="Tests\Integration\LocalWriteTest" file="/Users/amystephen/Sites/Filesystem/Tests/Integration/LocalWriteTest.php" namespace="Tests\Integration" fullPackage="Tests.Integration" tests="4" assertions="7" failures="0" errors="0" time="0.053078">
      <testcase name="testSuccessfulWrite" class="Tests\Integration\LocalWriteTest" file="/Users/amystephen/Sites/Filesystem/Tests/Integration/LocalWriteTest.php" line="52" assertions="2" time="0.015561"/>
      <testcase name="testUnsuccessfulRewrite" class="Tests\Integration\LocalWriteTest" file="/Users/amystephen/Sites/Filesystem/Tests/Integration/LocalWriteTest.php" line="84" assertions="1" time="0.014153"/>
      <testcase name="testCreateSingleFolder" class="Tests\Integration\LocalWriteTest" file="/Users/amystephen/Sites/Filesystem/Tests/Integration/LocalWriteTest.php" line="106" assertions="2" time="0.012372"/>
      <testcase name="testCreateMultipleFolders" class="Tests\Integration\LocalWriteTest" file="/Users/amystephen/Sites/Filesystem/Tests/Integration/LocalWriteTest.php" line="133" assertions="2" time="0.010992"/>
    </testsuite>
  </testsuite>
</testsuites>
