<?xml version="1.0" encoding="UTF-8"?>
<testsuites>
  <testsuite name="Integration" tests="23" assertions="61" failures="0" errors="0" time="0.390866">
    <testsuite name="Integration\LocalCopyTest" file="/Users/amystephen/Sites/Filesystem/Tests/Integration/LocalCopyTest.php" namespace="Integration" fullPackage="Integration" tests="5" assertions="9" failures="0" errors="0" time="0.137248">
      <testcase name="testCopySuccessfulSingleFileBlankDirectory" class="Integration\LocalCopyTest" file="/Users/amystephen/Sites/Filesystem/Tests/Integration/LocalCopyTest.php" line="32" assertions="2" time="0.026365"/>
      <testcase name="testCopySuccessfulSingleFile" class="Integration\LocalCopyTest" file="/Users/amystephen/Sites/Filesystem/Tests/Integration/LocalCopyTest.php" line="55" assertions="2" time="0.023083"/>
      <testcase name="testCopySingleFolder" class="Integration\LocalCopyTest" file="/Users/amystephen/Sites/Filesystem/Tests/Integration/LocalCopyTest.php" line="78" assertions="2" time="0.015411"/>
      <testcase name="testCopyMultipleFolder" class="Integration\LocalCopyTest" file="/Users/amystephen/Sites/Filesystem/Tests/Integration/LocalCopyTest.php" line="101" assertions="2" time="0.062634"/>
      <testcase name="testCopyNotAFile" class="Integration\LocalCopyTest" file="/Users/amystephen/Sites/Filesystem/Tests/Integration/LocalCopyTest.php" line="125" assertions="1" time="0.009755"/>
    </testsuite>
    <testsuite name="Integration\LocalDeleteTest" file="/Users/amystephen/Sites/Filesystem/Tests/Integration/LocalDeleteTest.php" namespace="Integration" fullPackage="Integration" tests="5" assertions="9" failures="0" errors="0" time="0.065680">
      <testcase name="testSuccessfulDeleteSingleFile" class="Integration\LocalDeleteTest" file="/Users/amystephen/Sites/Filesystem/Tests/Integration/LocalDeleteTest.php" line="32" assertions="2" time="0.014228"/>
      <testcase name="testDeleteSingleFolder" class="Integration\LocalDeleteTest" file="/Users/amystephen/Sites/Filesystem/Tests/Integration/LocalDeleteTest.php" line="51" assertions="2" time="0.010242"/>
      <testcase name="testDeleteMultipleFolderOnlyFiles" class="Integration\LocalDeleteTest" file="/Users/amystephen/Sites/Filesystem/Tests/Integration/LocalDeleteTest.php" line="70" assertions="2" time="0.009954"/>
      <testcase name="testDeleteMultipleFolderDeleteAll" class="Integration\LocalDeleteTest" file="/Users/amystephen/Sites/Filesystem/Tests/Integration/LocalDeleteTest.php" line="90" assertions="2" time="0.011198"/>
      <testcase name="testNotAFile" class="Integration\LocalDeleteTest" file="/Users/amystephen/Sites/Filesystem/Tests/Integration/LocalDeleteTest.php" line="111" assertions="1" time="0.020058"/>
    </testsuite>
    <testsuite name="Integration\LocalMoveTest" file="/Users/amystephen/Sites/Filesystem/Tests/Integration/LocalMoveTest.php" namespace="Integration" fullPackage="Integration" tests="5" assertions="9" failures="0" errors="0" time="0.093944">
      <testcase name="testSuccessfulMoveSingleFileBlankDirectory" class="Integration\LocalMoveTest" file="/Users/amystephen/Sites/Filesystem/Tests/Integration/LocalMoveTest.php" line="30" assertions="2" time="0.012263"/>
      <testcase name="testSuccessfulMoveSingleFile" class="Integration\LocalMoveTest" file="/Users/amystephen/Sites/Filesystem/Tests/Integration/LocalMoveTest.php" line="54" assertions="2" time="0.012195"/>
      <testcase name="testMoveSingleFolder" class="Integration\LocalMoveTest" file="/Users/amystephen/Sites/Filesystem/Tests/Integration/LocalMoveTest.php" line="77" assertions="2" time="0.012970"/>
      <testcase name="testMoveMultipleFolder" class="Integration\LocalMoveTest" file="/Users/amystephen/Sites/Filesystem/Tests/Integration/LocalMoveTest.php" line="100" assertions="2" time="0.044560"/>
      <testcase name="testNotAFile" class="Integration\LocalMoveTest" file="/Users/amystephen/Sites/Filesystem/Tests/Integration/LocalMoveTest.php" line="124" assertions="1" time="0.011956"/>
    </testsuite>
    <testsuite name="Integration\LocalReadTest" file="/Users/amystephen/Sites/Filesystem/Tests/Integration/LocalReadTest.php" namespace="Integration" fullPackage="Integration" tests="3" assertions="25" failures="0" errors="0" time="0.033059">
      <testcase name="testReadSuccessful" class="Integration\LocalReadTest" file="/Users/amystephen/Sites/Filesystem/Tests/Integration/LocalReadTest.php" line="31" assertions="23" time="0.010068"/>
      <testcase name="testReadUnsuccessful" class="Integration\LocalReadTest" file="/Users/amystephen/Sites/Filesystem/Tests/Integration/LocalReadTest.php" line="77" assertions="1" time="0.010539"/>
      <testcase name="testReadNotAFile" class="Integration\LocalReadTest" file="/Users/amystephen/Sites/Filesystem/Tests/Integration/LocalReadTest.php" line="89" assertions="1" time="0.012452"/>
    </testsuite>
    <testsuite name="Integration\LocalWriteTest" file="/Users/amystephen/Sites/Filesystem/Tests/Integration/LocalWriteTest.php" namespace="Integration" fullPackage="Integration" tests="5" assertions="9" failures="0" errors="0" time="0.060935">
      <testcase name="testSuccessfulWrite" class="Integration\LocalWriteTest" file="/Users/amystephen/Sites/Filesystem/Tests/Integration/LocalWriteTest.php" line="30" assertions="2" time="0.014035"/>
      <testcase name="testSuccessfulRewrite" class="Integration\LocalWriteTest" file="/Users/amystephen/Sites/Filesystem/Tests/Integration/LocalWriteTest.php" line="59" assertions="2" time="0.012971"/>
      <testcase name="testUnsuccessfulRewrite" class="Integration\LocalWriteTest" file="/Users/amystephen/Sites/Filesystem/Tests/Integration/LocalWriteTest.php" line="89" assertions="1" time="0.012079"/>
      <testcase name="testWriteSingleFolder" class="Integration\LocalWriteTest" file="/Users/amystephen/Sites/Filesystem/Tests/Integration/LocalWriteTest.php" line="109" assertions="2" time="0.011419"/>
      <testcase name="testWriteMultipleFolders" class="Integration\LocalWriteTest" file="/Users/amystephen/Sites/Filesystem/Tests/Integration/LocalWriteTest.php" line="136" assertions="2" time="0.010431"/>
    </testsuite>
  </testsuite>
</testsuites>
