<?xml version="1.0" encoding="UTF-8"?>
<testsuites>
  <testsuite name="Integration" tests="23" assertions="61" failures="0" errors="0" time="0.423581">
    <testsuite name="Integration\LocalCopyTest" file="/Users/amystephen/Sites/Filesystem/tests/Integration/LocalCopyTest.php" namespace="Integration" fullPackage="Integration" tests="5" assertions="9" failures="0" errors="0" time="0.128718">
      <testcase name="testCopySuccessfulSingleFileBlankDirectory" class="Integration\LocalCopyTest" file="/Users/amystephen/Sites/Filesystem/tests/Integration/LocalCopyTest.php" line="32" assertions="2" time="0.022466"/>
      <testcase name="testCopySuccessfulSingleFile" class="Integration\LocalCopyTest" file="/Users/amystephen/Sites/Filesystem/tests/Integration/LocalCopyTest.php" line="55" assertions="2" time="0.015051"/>
      <testcase name="testCopySingleFolder" class="Integration\LocalCopyTest" file="/Users/amystephen/Sites/Filesystem/tests/Integration/LocalCopyTest.php" line="78" assertions="2" time="0.015640"/>
      <testcase name="testCopyMultipleFolder" class="Integration\LocalCopyTest" file="/Users/amystephen/Sites/Filesystem/tests/Integration/LocalCopyTest.php" line="101" assertions="2" time="0.064118"/>
      <testcase name="testCopyNotAFile" class="Integration\LocalCopyTest" file="/Users/amystephen/Sites/Filesystem/tests/Integration/LocalCopyTest.php" line="125" assertions="1" time="0.011443"/>
    </testsuite>
    <testsuite name="Integration\LocalDeleteTest" file="/Users/amystephen/Sites/Filesystem/tests/Integration/LocalDeleteTest.php" namespace="Integration" fullPackage="Integration" tests="5" assertions="9" failures="0" errors="0" time="0.063281">
      <testcase name="testSuccessfulDeleteSingleFile" class="Integration\LocalDeleteTest" file="/Users/amystephen/Sites/Filesystem/tests/Integration/LocalDeleteTest.php" line="32" assertions="2" time="0.017012"/>
      <testcase name="testDeleteSingleFolder" class="Integration\LocalDeleteTest" file="/Users/amystephen/Sites/Filesystem/tests/Integration/LocalDeleteTest.php" line="51" assertions="2" time="0.014519"/>
      <testcase name="testDeleteMultipleFolderOnlyFiles" class="Integration\LocalDeleteTest" file="/Users/amystephen/Sites/Filesystem/tests/Integration/LocalDeleteTest.php" line="70" assertions="2" time="0.010697"/>
      <testcase name="testDeleteMultipleFolderDeleteAll" class="Integration\LocalDeleteTest" file="/Users/amystephen/Sites/Filesystem/tests/Integration/LocalDeleteTest.php" line="90" assertions="2" time="0.010464"/>
      <testcase name="testNotAFile" class="Integration\LocalDeleteTest" file="/Users/amystephen/Sites/Filesystem/tests/Integration/LocalDeleteTest.php" line="111" assertions="1" time="0.010589"/>
    </testsuite>
    <testsuite name="Integration\LocalMoveTest" file="/Users/amystephen/Sites/Filesystem/tests/Integration/LocalMoveTest.php" namespace="Integration" fullPackage="Integration" tests="5" assertions="9" failures="0" errors="0" time="0.111744">
      <testcase name="testSuccessfulMoveSingleFileBlankDirectory" class="Integration\LocalMoveTest" file="/Users/amystephen/Sites/Filesystem/tests/Integration/LocalMoveTest.php" line="30" assertions="2" time="0.018239"/>
      <testcase name="testSuccessfulMoveSingleFile" class="Integration\LocalMoveTest" file="/Users/amystephen/Sites/Filesystem/tests/Integration/LocalMoveTest.php" line="54" assertions="2" time="0.013563"/>
      <testcase name="testMoveSingleFolder" class="Integration\LocalMoveTest" file="/Users/amystephen/Sites/Filesystem/tests/Integration/LocalMoveTest.php" line="77" assertions="2" time="0.016957"/>
      <testcase name="testMoveMultipleFolder" class="Integration\LocalMoveTest" file="/Users/amystephen/Sites/Filesystem/tests/Integration/LocalMoveTest.php" line="100" assertions="2" time="0.051079"/>
      <testcase name="testNotAFile" class="Integration\LocalMoveTest" file="/Users/amystephen/Sites/Filesystem/tests/Integration/LocalMoveTest.php" line="124" assertions="1" time="0.011906"/>
    </testsuite>
    <testsuite name="Integration\LocalReadTest" file="/Users/amystephen/Sites/Filesystem/tests/Integration/LocalReadTest.php" namespace="Integration" fullPackage="Integration" tests="3" assertions="25" failures="0" errors="0" time="0.042571">
      <testcase name="testReadSuccessful" class="Integration\LocalReadTest" file="/Users/amystephen/Sites/Filesystem/tests/Integration/LocalReadTest.php" line="31" assertions="23" time="0.015126"/>
      <testcase name="testReadUnsuccessful" class="Integration\LocalReadTest" file="/Users/amystephen/Sites/Filesystem/tests/Integration/LocalReadTest.php" line="77" assertions="1" time="0.011259"/>
      <testcase name="testReadNotAFile" class="Integration\LocalReadTest" file="/Users/amystephen/Sites/Filesystem/tests/Integration/LocalReadTest.php" line="89" assertions="1" time="0.016186"/>
    </testsuite>
    <testsuite name="Integration\LocalWriteTest" file="/Users/amystephen/Sites/Filesystem/tests/Integration/LocalWriteTest.php" namespace="Integration" fullPackage="Integration" tests="5" assertions="9" failures="0" errors="0" time="0.077267">
      <testcase name="testSuccessfulWrite" class="Integration\LocalWriteTest" file="/Users/amystephen/Sites/Filesystem/tests/Integration/LocalWriteTest.php" line="30" assertions="2" time="0.017216"/>
      <testcase name="testSuccessfulRewrite" class="Integration\LocalWriteTest" file="/Users/amystephen/Sites/Filesystem/tests/Integration/LocalWriteTest.php" line="59" assertions="2" time="0.017118"/>
      <testcase name="testUnsuccessfulRewrite" class="Integration\LocalWriteTest" file="/Users/amystephen/Sites/Filesystem/tests/Integration/LocalWriteTest.php" line="89" assertions="1" time="0.014833"/>
      <testcase name="testWriteSingleFolder" class="Integration\LocalWriteTest" file="/Users/amystephen/Sites/Filesystem/tests/Integration/LocalWriteTest.php" line="109" assertions="2" time="0.014259"/>
      <testcase name="testWriteMultipleFolders" class="Integration\LocalWriteTest" file="/Users/amystephen/Sites/Filesystem/tests/Integration/LocalWriteTest.php" line="136" assertions="2" time="0.013841"/>
    </testsuite>
  </testsuite>
</testsuites>
