<?xml version="1.0" encoding="UTF-8"?>
<testsuites>
  <testsuite name="Integration" tests="23" assertions="61" failures="0" errors="0" time="0.720814">
    <testsuite name="Tests\Integration\LocalCopyTest" file="/Users/amystephen/Sites/Standard/Vendor/Molajo/Filesystem/Tests/Integration/LocalCopyTest.php" namespace="Tests\Integration" fullPackage="Tests.Integration" tests="5" assertions="9" failures="0" errors="0" time="0.335949">
      <testcase name="testCopySuccessfulSingleFileBlankDirectory" class="Tests\Integration\LocalCopyTest" file="/Users/amystephen/Sites/Standard/Vendor/Molajo/Filesystem/Tests/Integration/LocalCopyTest.php" line="30" assertions="2" time="0.188585"/>
      <testcase name="testCopySuccessfulSingleFile" class="Tests\Integration\LocalCopyTest" file="/Users/amystephen/Sites/Standard/Vendor/Molajo/Filesystem/Tests/Integration/LocalCopyTest.php" line="53" assertions="2" time="0.051696"/>
      <testcase name="testCopySingleFolder" class="Tests\Integration\LocalCopyTest" file="/Users/amystephen/Sites/Standard/Vendor/Molajo/Filesystem/Tests/Integration/LocalCopyTest.php" line="76" assertions="2" time="0.017635"/>
      <testcase name="testCopyMultipleFolder" class="Tests\Integration\LocalCopyTest" file="/Users/amystephen/Sites/Standard/Vendor/Molajo/Filesystem/Tests/Integration/LocalCopyTest.php" line="99" assertions="2" time="0.065451"/>
      <testcase name="testCopyNotAFile" class="Tests\Integration\LocalCopyTest" file="/Users/amystephen/Sites/Standard/Vendor/Molajo/Filesystem/Tests/Integration/LocalCopyTest.php" line="123" assertions="1" time="0.012582"/>
    </testsuite>
    <testsuite name="Tests\Integration\LocalDeleteTest" file="/Users/amystephen/Sites/Standard/Vendor/Molajo/Filesystem/Tests/Integration/LocalDeleteTest.php" namespace="Tests\Integration" fullPackage="Tests.Integration" tests="5" assertions="9" failures="0" errors="0" time="0.116098">
      <testcase name="testSuccessfulDeleteSingleFile" class="Tests\Integration\LocalDeleteTest" file="/Users/amystephen/Sites/Standard/Vendor/Molajo/Filesystem/Tests/Integration/LocalDeleteTest.php" line="32" assertions="2" time="0.011059"/>
      <testcase name="testDeleteSingleFolder" class="Tests\Integration\LocalDeleteTest" file="/Users/amystephen/Sites/Standard/Vendor/Molajo/Filesystem/Tests/Integration/LocalDeleteTest.php" line="51" assertions="2" time="0.014662"/>
      <testcase name="testDeleteMultipleFolderOnlyFiles" class="Tests\Integration\LocalDeleteTest" file="/Users/amystephen/Sites/Standard/Vendor/Molajo/Filesystem/Tests/Integration/LocalDeleteTest.php" line="70" assertions="2" time="0.019128"/>
      <testcase name="testDeleteMultipleFolderDeleteAll" class="Tests\Integration\LocalDeleteTest" file="/Users/amystephen/Sites/Standard/Vendor/Molajo/Filesystem/Tests/Integration/LocalDeleteTest.php" line="90" assertions="2" time="0.013028"/>
      <testcase name="testNotAFile" class="Tests\Integration\LocalDeleteTest" file="/Users/amystephen/Sites/Standard/Vendor/Molajo/Filesystem/Tests/Integration/LocalDeleteTest.php" line="111" assertions="1" time="0.058221"/>
    </testsuite>
    <testsuite name="Tests\Integration\LocalMoveTest" file="/Users/amystephen/Sites/Standard/Vendor/Molajo/Filesystem/Tests/Integration/LocalMoveTest.php" namespace="Tests\Integration" fullPackage="Tests.Integration" tests="5" assertions="9" failures="0" errors="0" time="0.139920">
      <testcase name="testSuccessfulMoveSingleFileBlankDirectory" class="Tests\Integration\LocalMoveTest" file="/Users/amystephen/Sites/Standard/Vendor/Molajo/Filesystem/Tests/Integration/LocalMoveTest.php" line="30" assertions="2" time="0.023892"/>
      <testcase name="testSuccessfulMoveSingleFile" class="Tests\Integration\LocalMoveTest" file="/Users/amystephen/Sites/Standard/Vendor/Molajo/Filesystem/Tests/Integration/LocalMoveTest.php" line="54" assertions="2" time="0.033121"/>
      <testcase name="testMoveSingleFolder" class="Tests\Integration\LocalMoveTest" file="/Users/amystephen/Sites/Standard/Vendor/Molajo/Filesystem/Tests/Integration/LocalMoveTest.php" line="77" assertions="2" time="0.022652"/>
      <testcase name="testMoveMultipleFolder" class="Tests\Integration\LocalMoveTest" file="/Users/amystephen/Sites/Standard/Vendor/Molajo/Filesystem/Tests/Integration/LocalMoveTest.php" line="100" assertions="2" time="0.047388"/>
      <testcase name="testNotAFile" class="Tests\Integration\LocalMoveTest" file="/Users/amystephen/Sites/Standard/Vendor/Molajo/Filesystem/Tests/Integration/LocalMoveTest.php" line="124" assertions="1" time="0.012867"/>
    </testsuite>
    <testsuite name="Tests\Integration\LocalReadTest" file="/Users/amystephen/Sites/Standard/Vendor/Molajo/Filesystem/Tests/Integration/LocalReadTest.php" namespace="Tests\Integration" fullPackage="Tests.Integration" tests="3" assertions="25" failures="0" errors="0" time="0.043232">
      <testcase name="testReadSuccessful" class="Tests\Integration\LocalReadTest" file="/Users/amystephen/Sites/Standard/Vendor/Molajo/Filesystem/Tests/Integration/LocalReadTest.php" line="31" assertions="23" time="0.017778"/>
      <testcase name="testReadUnsuccessful" class="Tests\Integration\LocalReadTest" file="/Users/amystephen/Sites/Standard/Vendor/Molajo/Filesystem/Tests/Integration/LocalReadTest.php" line="77" assertions="1" time="0.013096"/>
      <testcase name="testReadNotAFile" class="Tests\Integration\LocalReadTest" file="/Users/amystephen/Sites/Standard/Vendor/Molajo/Filesystem/Tests/Integration/LocalReadTest.php" line="89" assertions="1" time="0.012358"/>
    </testsuite>
    <testsuite name="Tests\Integration\LocalWriteTest" file="/Users/amystephen/Sites/Standard/Vendor/Molajo/Filesystem/Tests/Integration/LocalWriteTest.php" namespace="Tests\Integration" fullPackage="Tests.Integration" tests="5" assertions="9" failures="0" errors="0" time="0.085615">
      <testcase name="testSuccessfulWrite" class="Tests\Integration\LocalWriteTest" file="/Users/amystephen/Sites/Standard/Vendor/Molajo/Filesystem/Tests/Integration/LocalWriteTest.php" line="30" assertions="2" time="0.023956"/>
      <testcase name="testSuccessfulRewrite" class="Tests\Integration\LocalWriteTest" file="/Users/amystephen/Sites/Standard/Vendor/Molajo/Filesystem/Tests/Integration/LocalWriteTest.php" line="59" assertions="2" time="0.012196"/>
      <testcase name="testUnsuccessfulRewrite" class="Tests\Integration\LocalWriteTest" file="/Users/amystephen/Sites/Standard/Vendor/Molajo/Filesystem/Tests/Integration/LocalWriteTest.php" line="89" assertions="1" time="0.017500"/>
      <testcase name="testWriteSingleFolder" class="Tests\Integration\LocalWriteTest" file="/Users/amystephen/Sites/Standard/Vendor/Molajo/Filesystem/Tests/Integration/LocalWriteTest.php" line="109" assertions="2" time="0.015501"/>
      <testcase name="testWriteMultipleFolders" class="Tests\Integration\LocalWriteTest" file="/Users/amystephen/Sites/Standard/Vendor/Molajo/Filesystem/Tests/Integration/LocalWriteTest.php" line="136" assertions="2" time="0.016462"/>
    </testsuite>
  </testsuite>
</testsuites>
