<?xml version="1.0" encoding="UTF-8"?>
<testsuites>
  <testsuite name="Integration" tests="23" assertions="61" failures="0" errors="0" time="0.505575">
    <testsuite name="Tests\Integration\LocalCopyTest" file="/Users/amystephen/Sites/Standard/Vendor/Molajo/Providers/Filesystem/Tests/Integration/LocalCopyTest.php" namespace="Tests\Integration" fullPackage="Tests.Integration" tests="5" assertions="9" failures="0" errors="0" time="0.227811">
      <testcase name="testCopySuccessfulSingleFileBlankDirectory" class="Tests\Integration\LocalCopyTest" file="/Users/amystephen/Sites/Standard/Vendor/Molajo/Providers/Filesystem/Tests/Integration/LocalCopyTest.php" line="30" assertions="2" time="0.118112"/>
      <testcase name="testCopySuccessfulSingleFile" class="Tests\Integration\LocalCopyTest" file="/Users/amystephen/Sites/Standard/Vendor/Molajo/Providers/Filesystem/Tests/Integration/LocalCopyTest.php" line="53" assertions="2" time="0.023829"/>
      <testcase name="testCopySingleFolder" class="Tests\Integration\LocalCopyTest" file="/Users/amystephen/Sites/Standard/Vendor/Molajo/Providers/Filesystem/Tests/Integration/LocalCopyTest.php" line="76" assertions="2" time="0.016616"/>
      <testcase name="testCopyMultipleFolder" class="Tests\Integration\LocalCopyTest" file="/Users/amystephen/Sites/Standard/Vendor/Molajo/Providers/Filesystem/Tests/Integration/LocalCopyTest.php" line="99" assertions="2" time="0.057219"/>
      <testcase name="testCopyNotAFile" class="Tests\Integration\LocalCopyTest" file="/Users/amystephen/Sites/Standard/Vendor/Molajo/Providers/Filesystem/Tests/Integration/LocalCopyTest.php" line="123" assertions="1" time="0.012035"/>
    </testsuite>
    <testsuite name="Tests\Integration\LocalDeleteTest" file="/Users/amystephen/Sites/Standard/Vendor/Molajo/Providers/Filesystem/Tests/Integration/LocalDeleteTest.php" namespace="Tests\Integration" fullPackage="Tests.Integration" tests="5" assertions="9" failures="0" errors="0" time="0.066564">
      <testcase name="testSuccessfulDeleteSingleFile" class="Tests\Integration\LocalDeleteTest" file="/Users/amystephen/Sites/Standard/Vendor/Molajo/Providers/Filesystem/Tests/Integration/LocalDeleteTest.php" line="32" assertions="2" time="0.015098"/>
      <testcase name="testDeleteSingleFolder" class="Tests\Integration\LocalDeleteTest" file="/Users/amystephen/Sites/Standard/Vendor/Molajo/Providers/Filesystem/Tests/Integration/LocalDeleteTest.php" line="51" assertions="2" time="0.011482"/>
      <testcase name="testDeleteMultipleFolderOnlyFiles" class="Tests\Integration\LocalDeleteTest" file="/Users/amystephen/Sites/Standard/Vendor/Molajo/Providers/Filesystem/Tests/Integration/LocalDeleteTest.php" line="70" assertions="2" time="0.012642"/>
      <testcase name="testDeleteMultipleFolderDeleteAll" class="Tests\Integration\LocalDeleteTest" file="/Users/amystephen/Sites/Standard/Vendor/Molajo/Providers/Filesystem/Tests/Integration/LocalDeleteTest.php" line="90" assertions="2" time="0.012020"/>
      <testcase name="testNotAFile" class="Tests\Integration\LocalDeleteTest" file="/Users/amystephen/Sites/Standard/Vendor/Molajo/Providers/Filesystem/Tests/Integration/LocalDeleteTest.php" line="111" assertions="1" time="0.015322"/>
    </testsuite>
    <testsuite name="Tests\Integration\LocalMoveTest" file="/Users/amystephen/Sites/Standard/Vendor/Molajo/Providers/Filesystem/Tests/Integration/LocalMoveTest.php" namespace="Tests\Integration" fullPackage="Tests.Integration" tests="5" assertions="9" failures="0" errors="0" time="0.102664">
      <testcase name="testSuccessfulMoveSingleFileBlankDirectory" class="Tests\Integration\LocalMoveTest" file="/Users/amystephen/Sites/Standard/Vendor/Molajo/Providers/Filesystem/Tests/Integration/LocalMoveTest.php" line="30" assertions="2" time="0.014242"/>
      <testcase name="testSuccessfulMoveSingleFile" class="Tests\Integration\LocalMoveTest" file="/Users/amystephen/Sites/Standard/Vendor/Molajo/Providers/Filesystem/Tests/Integration/LocalMoveTest.php" line="54" assertions="2" time="0.012787"/>
      <testcase name="testMoveSingleFolder" class="Tests\Integration\LocalMoveTest" file="/Users/amystephen/Sites/Standard/Vendor/Molajo/Providers/Filesystem/Tests/Integration/LocalMoveTest.php" line="77" assertions="2" time="0.015991"/>
      <testcase name="testMoveMultipleFolder" class="Tests\Integration\LocalMoveTest" file="/Users/amystephen/Sites/Standard/Vendor/Molajo/Providers/Filesystem/Tests/Integration/LocalMoveTest.php" line="100" assertions="2" time="0.047023"/>
      <testcase name="testNotAFile" class="Tests\Integration\LocalMoveTest" file="/Users/amystephen/Sites/Standard/Vendor/Molajo/Providers/Filesystem/Tests/Integration/LocalMoveTest.php" line="124" assertions="1" time="0.012621"/>
    </testsuite>
    <testsuite name="Tests\Integration\LocalReadTest" file="/Users/amystephen/Sites/Standard/Vendor/Molajo/Providers/Filesystem/Tests/Integration/LocalReadTest.php" namespace="Tests\Integration" fullPackage="Tests.Integration" tests="3" assertions="25" failures="0" errors="0" time="0.040081">
      <testcase name="testReadSuccessful" class="Tests\Integration\LocalReadTest" file="/Users/amystephen/Sites/Standard/Vendor/Molajo/Providers/Filesystem/Tests/Integration/LocalReadTest.php" line="31" assertions="23" time="0.013027"/>
      <testcase name="testReadUnsuccessful" class="Tests\Integration\LocalReadTest" file="/Users/amystephen/Sites/Standard/Vendor/Molajo/Providers/Filesystem/Tests/Integration/LocalReadTest.php" line="77" assertions="1" time="0.011502"/>
      <testcase name="testReadNotAFile" class="Tests\Integration\LocalReadTest" file="/Users/amystephen/Sites/Standard/Vendor/Molajo/Providers/Filesystem/Tests/Integration/LocalReadTest.php" line="89" assertions="1" time="0.015552"/>
    </testsuite>
    <testsuite name="Tests\Integration\LocalWriteTest" file="/Users/amystephen/Sites/Standard/Vendor/Molajo/Providers/Filesystem/Tests/Integration/LocalWriteTest.php" namespace="Tests\Integration" fullPackage="Tests.Integration" tests="5" assertions="9" failures="0" errors="0" time="0.068455">
      <testcase name="testSuccessfulWrite" class="Tests\Integration\LocalWriteTest" file="/Users/amystephen/Sites/Standard/Vendor/Molajo/Providers/Filesystem/Tests/Integration/LocalWriteTest.php" line="30" assertions="2" time="0.015954"/>
      <testcase name="testSuccessfulRewrite" class="Tests\Integration\LocalWriteTest" file="/Users/amystephen/Sites/Standard/Vendor/Molajo/Providers/Filesystem/Tests/Integration/LocalWriteTest.php" line="59" assertions="2" time="0.014711"/>
      <testcase name="testUnsuccessfulRewrite" class="Tests\Integration\LocalWriteTest" file="/Users/amystephen/Sites/Standard/Vendor/Molajo/Providers/Filesystem/Tests/Integration/LocalWriteTest.php" line="89" assertions="1" time="0.012820"/>
      <testcase name="testWriteSingleFolder" class="Tests\Integration\LocalWriteTest" file="/Users/amystephen/Sites/Standard/Vendor/Molajo/Providers/Filesystem/Tests/Integration/LocalWriteTest.php" line="109" assertions="2" time="0.014032"/>
      <testcase name="testWriteMultipleFolders" class="Tests\Integration\LocalWriteTest" file="/Users/amystephen/Sites/Standard/Vendor/Molajo/Providers/Filesystem/Tests/Integration/LocalWriteTest.php" line="136" assertions="2" time="0.010938"/>
    </testsuite>
  </testsuite>
</testsuites>
