<?xml version="1.0" encoding="UTF-8"?>
<testsuites>
  <testsuite name="Integration" tests="23" assertions="61" failures="0" errors="0" time="0.379265">
    <testsuite name="Integration\LocalCopyTest" file="/Users/amystephen/Sites/Filesystem/Tests/Integration/LocalCopyTest.php" namespace="Integration" fullPackage="Integration" tests="5" assertions="9" failures="0" errors="0" time="0.121270">
      <testcase name="testCopySuccessfulSingleFileBlankDirectory" class="Integration\LocalCopyTest" file="/Users/amystephen/Sites/Filesystem/Tests/Integration/LocalCopyTest.php" line="30" assertions="2" time="0.023405"/>
      <testcase name="testCopySuccessfulSingleFile" class="Integration\LocalCopyTest" file="/Users/amystephen/Sites/Filesystem/Tests/Integration/LocalCopyTest.php" line="53" assertions="2" time="0.019615"/>
      <testcase name="testCopySingleFolder" class="Integration\LocalCopyTest" file="/Users/amystephen/Sites/Filesystem/Tests/Integration/LocalCopyTest.php" line="76" assertions="2" time="0.013762"/>
      <testcase name="testCopyMultipleFolder" class="Integration\LocalCopyTest" file="/Users/amystephen/Sites/Filesystem/Tests/Integration/LocalCopyTest.php" line="99" assertions="2" time="0.054150"/>
      <testcase name="testCopyNotAFile" class="Integration\LocalCopyTest" file="/Users/amystephen/Sites/Filesystem/Tests/Integration/LocalCopyTest.php" line="123" assertions="1" time="0.010338"/>
    </testsuite>
    <testsuite name="Integration\LocalDeleteTest" file="/Users/amystephen/Sites/Filesystem/Tests/Integration/LocalDeleteTest.php" namespace="Integration" fullPackage="Integration" tests="5" assertions="9" failures="0" errors="0" time="0.064600">
      <testcase name="testSuccessfulDeleteSingleFile" class="Integration\LocalDeleteTest" file="/Users/amystephen/Sites/Filesystem/Tests/Integration/LocalDeleteTest.php" line="32" assertions="2" time="0.017819"/>
      <testcase name="testDeleteSingleFolder" class="Integration\LocalDeleteTest" file="/Users/amystephen/Sites/Filesystem/Tests/Integration/LocalDeleteTest.php" line="51" assertions="2" time="0.011051"/>
      <testcase name="testDeleteMultipleFolderOnlyFiles" class="Integration\LocalDeleteTest" file="/Users/amystephen/Sites/Filesystem/Tests/Integration/LocalDeleteTest.php" line="70" assertions="2" time="0.011446"/>
      <testcase name="testDeleteMultipleFolderDeleteAll" class="Integration\LocalDeleteTest" file="/Users/amystephen/Sites/Filesystem/Tests/Integration/LocalDeleteTest.php" line="90" assertions="2" time="0.011624"/>
      <testcase name="testNotAFile" class="Integration\LocalDeleteTest" file="/Users/amystephen/Sites/Filesystem/Tests/Integration/LocalDeleteTest.php" line="111" assertions="1" time="0.012660"/>
    </testsuite>
    <testsuite name="Integration\LocalMoveTest" file="/Users/amystephen/Sites/Filesystem/Tests/Integration/LocalMoveTest.php" namespace="Integration" fullPackage="Integration" tests="5" assertions="9" failures="0" errors="0" time="0.096603">
      <testcase name="testSuccessfulMoveSingleFileBlankDirectory" class="Integration\LocalMoveTest" file="/Users/amystephen/Sites/Filesystem/Tests/Integration/LocalMoveTest.php" line="30" assertions="2" time="0.012216"/>
      <testcase name="testSuccessfulMoveSingleFile" class="Integration\LocalMoveTest" file="/Users/amystephen/Sites/Filesystem/Tests/Integration/LocalMoveTest.php" line="54" assertions="2" time="0.013613"/>
      <testcase name="testMoveSingleFolder" class="Integration\LocalMoveTest" file="/Users/amystephen/Sites/Filesystem/Tests/Integration/LocalMoveTest.php" line="77" assertions="2" time="0.013633"/>
      <testcase name="testMoveMultipleFolder" class="Integration\LocalMoveTest" file="/Users/amystephen/Sites/Filesystem/Tests/Integration/LocalMoveTest.php" line="100" assertions="2" time="0.046129"/>
      <testcase name="testNotAFile" class="Integration\LocalMoveTest" file="/Users/amystephen/Sites/Filesystem/Tests/Integration/LocalMoveTest.php" line="124" assertions="1" time="0.011012"/>
    </testsuite>
    <testsuite name="Integration\LocalReadTest" file="/Users/amystephen/Sites/Filesystem/Tests/Integration/LocalReadTest.php" namespace="Integration" fullPackage="Integration" tests="3" assertions="25" failures="0" errors="0" time="0.034128">
      <testcase name="testReadSuccessful" class="Integration\LocalReadTest" file="/Users/amystephen/Sites/Filesystem/Tests/Integration/LocalReadTest.php" line="31" assertions="23" time="0.011077"/>
      <testcase name="testReadUnsuccessful" class="Integration\LocalReadTest" file="/Users/amystephen/Sites/Filesystem/Tests/Integration/LocalReadTest.php" line="77" assertions="1" time="0.010330"/>
      <testcase name="testReadNotAFile" class="Integration\LocalReadTest" file="/Users/amystephen/Sites/Filesystem/Tests/Integration/LocalReadTest.php" line="89" assertions="1" time="0.012721"/>
    </testsuite>
    <testsuite name="Integration\LocalWriteTest" file="/Users/amystephen/Sites/Filesystem/Tests/Integration/LocalWriteTest.php" namespace="Integration" fullPackage="Integration" tests="5" assertions="9" failures="0" errors="0" time="0.062664">
      <testcase name="testSuccessfulWrite" class="Integration\LocalWriteTest" file="/Users/amystephen/Sites/Filesystem/Tests/Integration/LocalWriteTest.php" line="30" assertions="2" time="0.013221"/>
      <testcase name="testSuccessfulRewrite" class="Integration\LocalWriteTest" file="/Users/amystephen/Sites/Filesystem/Tests/Integration/LocalWriteTest.php" line="59" assertions="2" time="0.011606"/>
      <testcase name="testUnsuccessfulRewrite" class="Integration\LocalWriteTest" file="/Users/amystephen/Sites/Filesystem/Tests/Integration/LocalWriteTest.php" line="89" assertions="1" time="0.011554"/>
      <testcase name="testWriteSingleFolder" class="Integration\LocalWriteTest" file="/Users/amystephen/Sites/Filesystem/Tests/Integration/LocalWriteTest.php" line="109" assertions="2" time="0.015947"/>
      <testcase name="testWriteMultipleFolders" class="Integration\LocalWriteTest" file="/Users/amystephen/Sites/Filesystem/Tests/Integration/LocalWriteTest.php" line="136" assertions="2" time="0.010336"/>
    </testsuite>
  </testsuite>
</testsuites>
